TN:
SF:src/Int128/BaseInt128/Interactions.sol
FN:25,InteractionsBaseInt128.to256
FNDA:0,InteractionsBaseInt128.to256
DA:26,0
DA:26,0
FN:30,InteractionsBaseInt128.toUint
FNDA:0,InteractionsBaseInt128.toUint
DA:31,0
DA:31,0
FN:35,InteractionsBaseInt128.mulDecimalToUSD
FNDA:0,InteractionsBaseInt128.mulDecimalToUSD
DA:40,0
DA:40,0
FN:44,InteractionsBaseInt128.divDecimal
FNDA:0,InteractionsBaseInt128.divDecimal
DA:49,0
DA:49,0
FN:53,InteractionsBaseInt128.abs
FNDA:0,InteractionsBaseInt128.abs
DA:54,0
DA:54,0
DA:54,0
FN:60,InteractionsBaseInt128.abs128
FNDA:0,InteractionsBaseInt128.abs128
DA:61,0
DA:61,0
DA:61,0
FNF:6
FNH:0
LF:6
LH:0
BRF:0
BRH:0
end_of_record
TN:
SF:src/Int128/BaseQuantoPerUSDInt128/Interactions.sol
FN:31,InteractionsBaseQuantoPerUSDInt128.to256
FNDA:0,InteractionsBaseQuantoPerUSDInt128.to256
DA:36,0
DA:36,0
FN:40,InteractionsBaseQuantoPerUSDInt128.toUint
FNDA:0,InteractionsBaseQuantoPerUSDInt128.toUint
DA:45,0
DA:45,0
FN:49,InteractionsBaseQuantoPerUSDInt128.mulDecimalToQuanto
FNDA:0,InteractionsBaseQuantoPerUSDInt128.mulDecimalToQuanto
DA:54,0
DA:54,0
FN:58,InteractionsBaseQuantoPerUSDInt128.mulDecimalToBase
FNDA:0,InteractionsBaseQuantoPerUSDInt128.mulDecimalToBase
DA:63,0
DA:63,0
FN:67,InteractionsBaseQuantoPerUSDInt128.divDecimal
FNDA:0,InteractionsBaseQuantoPerUSDInt128.divDecimal
DA:72,0
DA:72,0
FN:76,InteractionsBaseQuantoPerUSDInt128.abs
FNDA:0,InteractionsBaseQuantoPerUSDInt128.abs
DA:81,0
DA:81,0
DA:81,0
FN:87,InteractionsBaseQuantoPerUSDInt128.abs128
FNDA:0,InteractionsBaseQuantoPerUSDInt128.abs128
DA:92,0
DA:92,0
DA:92,0
FNF:7
FNH:0
LF:7
LH:0
BRF:0
BRH:0
end_of_record
TN:
SF:src/Int128/QuantoInt128/Interactions.sol
FN:25,InteractionsQuantoInt128.to256
FNDA:0,InteractionsQuantoInt128.to256
DA:30,0
DA:30,0
FN:34,InteractionsQuantoInt128.toUint
FNDA:0,InteractionsQuantoInt128.toUint
DA:39,0
DA:39,0
FN:43,InteractionsQuantoInt128.mulDecimalToUSD
FNDA:0,InteractionsQuantoInt128.mulDecimalToUSD
DA:48,0
DA:48,0
FN:52,InteractionsQuantoInt128.divDecimal
FNDA:0,InteractionsQuantoInt128.divDecimal
DA:57,0
DA:57,0
FN:61,InteractionsQuantoInt128.abs
FNDA:0,InteractionsQuantoInt128.abs
DA:62,0
DA:62,0
DA:62,0
FN:68,InteractionsQuantoInt128.abs128
FNDA:0,InteractionsQuantoInt128.abs128
DA:69,0
DA:69,0
DA:69,0
FNF:6
FNH:0
LF:6
LH:0
BRF:0
BRH:0
end_of_record
TN:
SF:src/Int128/USDInt128/Interactions.sol
FN:20,InteractionsUSDInt128.to256
FNDA:0,InteractionsUSDInt128.to256
DA:21,0
DA:21,0
FN:25,InteractionsUSDInt128.toUint
FNDA:0,InteractionsUSDInt128.toUint
DA:26,0
DA:26,0
FN:30,InteractionsUSDInt128.divDecimal
FNDA:0,InteractionsUSDInt128.divDecimal
DA:35,0
DA:35,0
FN:39,InteractionsUSDInt128.abs
FNDA:0,InteractionsUSDInt128.abs
DA:40,0
DA:40,0
DA:40,0
FN:46,InteractionsUSDInt128.abs128
FNDA:0,InteractionsUSDInt128.abs128
DA:47,0
DA:47,0
DA:47,0
FNF:5
FNH:0
LF:5
LH:0
BRF:0
BRH:0
end_of_record
TN:
SF:src/Int128/USDPerBaseInt128/Interactions.sol
FN:27,InteractionsUSDPerBaseInt128.to256
FNDA:0,InteractionsUSDPerBaseInt128.to256
DA:32,0
DA:32,0
FN:36,InteractionsUSDPerBaseInt128.toUint
FNDA:0,InteractionsUSDPerBaseInt128.toUint
DA:41,0
DA:41,0
FN:45,InteractionsUSDPerBaseInt128.mulDecimalToUSD
FNDA:0,InteractionsUSDPerBaseInt128.mulDecimalToUSD
DA:50,0
DA:50,0
FN:54,InteractionsUSDPerBaseInt128.mulDecimalToQuanto
FNDA:0,InteractionsUSDPerBaseInt128.mulDecimalToQuanto
DA:59,0
DA:59,0
FN:63,InteractionsUSDPerBaseInt128.divDecimal
FNDA:0,InteractionsUSDPerBaseInt128.divDecimal
DA:68,0
DA:68,0
FN:72,InteractionsUSDPerBaseInt128.abs
FNDA:0,InteractionsUSDPerBaseInt128.abs
DA:77,0
DA:77,0
DA:77,0
FN:83,InteractionsUSDPerBaseInt128.abs128
FNDA:0,InteractionsUSDPerBaseInt128.abs128
DA:88,0
DA:88,0
DA:89,0
DA:89,0
FNF:7
FNH:0
LF:8
LH:0
BRF:0
BRH:0
end_of_record
TN:
SF:src/Int128/USDPerQuantoInt128/Interactions.sol
FN:29,InteractionsUSDPerQuantoInt128.to256
FNDA:0,InteractionsUSDPerQuantoInt128.to256
DA:34,0
DA:34,0
FN:38,InteractionsUSDPerQuantoInt128.toUint
FNDA:0,InteractionsUSDPerQuantoInt128.toUint
DA:43,0
DA:43,0
FN:47,InteractionsUSDPerQuantoInt128.mulDecimalToUSD
FNDA:0,InteractionsUSDPerQuantoInt128.mulDecimalToUSD
DA:52,0
DA:52,0
FN:56,InteractionsUSDPerQuantoInt128.mulDecimalToBase
FNDA:0,InteractionsUSDPerQuantoInt128.mulDecimalToBase
DA:61,0
DA:61,0
FN:65,InteractionsUSDPerQuantoInt128.divDecimal
FNDA:0,InteractionsUSDPerQuantoInt128.divDecimal
DA:70,0
DA:70,0
FN:74,InteractionsUSDPerQuantoInt128.abs
FNDA:0,InteractionsUSDPerQuantoInt128.abs
DA:79,0
DA:79,0
DA:79,0
FN:85,InteractionsUSDPerQuantoInt128.abs128
FNDA:0,InteractionsUSDPerQuantoInt128.abs128
DA:90,0
DA:90,0
DA:91,0
DA:91,0
FNF:7
FNH:0
LF:8
LH:0
BRF:0
BRH:0
end_of_record
TN:
SF:src/Int256/BaseInt256/Interactions.sol
FN:19,InteractionsBaseInt256.to128
FNDA:0,InteractionsBaseInt256.to128
DA:20,0
DA:20,0
FN:24,InteractionsBaseInt256.toUint
FNDA:0,InteractionsBaseInt256.toUint
DA:25,0
DA:25,0
FN:29,InteractionsBaseInt256.mulDecimalToUSD
FNDA:0,InteractionsBaseInt256.mulDecimalToUSD
DA:34,0
DA:34,0
FN:38,InteractionsBaseInt256.abs
FNDA:0,InteractionsBaseInt256.abs
DA:39,0
DA:39,0
DA:39,0
FNF:4
FNH:0
LF:4
LH:0
BRF:0
BRH:0
end_of_record
TN:
SF:src/Int256/BaseQuantoPerUSDInt256/Interactions.sol
FN:23,InteractionsBaseQuantoPerUSDInt256.to128
FNDA:0,InteractionsBaseQuantoPerUSDInt256.to128
DA:28,0
DA:28,0
FN:32,InteractionsBaseQuantoPerUSDInt256.toUint
FNDA:0,InteractionsBaseQuantoPerUSDInt256.toUint
DA:37,0
DA:37,0
FN:41,InteractionsBaseQuantoPerUSDInt256.mulDecimalToQuanto
FNDA:0,InteractionsBaseQuantoPerUSDInt256.mulDecimalToQuanto
DA:46,0
DA:46,0
FN:50,InteractionsBaseQuantoPerUSDInt256.mulDecimalToBase
FNDA:0,InteractionsBaseQuantoPerUSDInt256.mulDecimalToBase
DA:55,0
DA:55,0
FN:59,InteractionsBaseQuantoPerUSDInt256.abs
FNDA:0,InteractionsBaseQuantoPerUSDInt256.abs
DA:64,0
DA:64,0
DA:64,0
FNF:5
FNH:0
LF:5
LH:0
BRF:0
BRH:0
end_of_record
TN:
SF:src/Int256/QuantoInt256/Interactions.sol
FN:19,InteractionsQuantoInt256.to128
FNDA:0,InteractionsQuantoInt256.to128
DA:24,0
DA:24,0
FN:28,InteractionsQuantoInt256.toUint
FNDA:0,InteractionsQuantoInt256.toUint
DA:33,0
DA:33,0
FN:37,InteractionsQuantoInt256.mulDecimalToUSD
FNDA:0,InteractionsQuantoInt256.mulDecimalToUSD
DA:42,0
DA:42,0
FN:46,InteractionsQuantoInt256.abs
FNDA:0,InteractionsQuantoInt256.abs
DA:47,0
DA:47,0
DA:47,0
FNF:4
FNH:0
LF:4
LH:0
BRF:0
BRH:0
end_of_record
TN:
SF:src/Int256/USDInt256/Interactions.sol
FN:15,InteractionsUSDInt256.to128
FNDA:0,InteractionsUSDInt256.to128
DA:16,0
DA:16,0
FN:20,InteractionsUSDInt256.toUint
FNDA:0,InteractionsUSDInt256.toUint
DA:21,0
DA:21,0
FN:25,InteractionsUSDInt256.abs
FNDA:0,InteractionsUSDInt256.abs
DA:26,0
DA:26,0
DA:26,0
FNF:3
FNH:0
LF:3
LH:0
BRF:0
BRH:0
end_of_record
TN:
SF:src/Int256/USDPerBaseInt256/Interactions.sol
FN:21,InteractionsUSDPerBaseInt256.to128
FNDA:0,InteractionsUSDPerBaseInt256.to128
DA:26,0
DA:26,0
FN:30,InteractionsUSDPerBaseInt256.toUint
FNDA:0,InteractionsUSDPerBaseInt256.toUint
DA:35,0
DA:35,0
FN:39,InteractionsUSDPerBaseInt256.mulDecimalToUSD
FNDA:0,InteractionsUSDPerBaseInt256.mulDecimalToUSD
DA:44,0
DA:44,0
FN:48,InteractionsUSDPerBaseInt256.mulDecimalToQuanto
FNDA:0,InteractionsUSDPerBaseInt256.mulDecimalToQuanto
DA:53,0
DA:53,0
FN:57,InteractionsUSDPerBaseInt256.abs
FNDA:0,InteractionsUSDPerBaseInt256.abs
DA:62,0
DA:62,0
DA:63,0
DA:63,0
FNF:5
FNH:0
LF:6
LH:0
BRF:0
BRH:0
end_of_record
TN:
SF:src/Int256/USDPerQuantoInt256/Interactions.sol
FN:22,InteractionsUSDPerQuantoInt256.to128
FNDA:0,InteractionsUSDPerQuantoInt256.to128
DA:27,0
DA:27,0
FN:31,InteractionsUSDPerQuantoInt256.toUint
FNDA:0,InteractionsUSDPerQuantoInt256.toUint
DA:36,0
DA:36,0
FN:40,InteractionsUSDPerQuantoInt256.mulDecimalToUSD
FNDA:0,InteractionsUSDPerQuantoInt256.mulDecimalToUSD
DA:45,0
DA:45,0
FN:49,InteractionsUSDPerQuantoInt256.mulDecimalToBase
FNDA:0,InteractionsUSDPerQuantoInt256.mulDecimalToBase
DA:54,0
DA:54,0
FN:58,InteractionsUSDPerQuantoInt256.abs
FNDA:0,InteractionsUSDPerQuantoInt256.abs
DA:63,0
DA:63,0
DA:63,0
FNF:5
FNH:0
LF:5
LH:0
BRF:0
BRH:0
end_of_record
TN:
SF:src/Uint128/BaseQuantoPerUSDUint128/Interactions.sol
FN:25,InteractionsBaseQuantoPerUSDUint128.to256
FNDA:0,InteractionsBaseQuantoPerUSDUint128.to256
DA:30,0
DA:30,0
FN:34,InteractionsBaseQuantoPerUSDUint128.toInt
FNDA:0,InteractionsBaseQuantoPerUSDUint128.toInt
DA:39,0
DA:39,0
FN:43,InteractionsBaseQuantoPerUSDUint128.toBytes32
FNDA:0,InteractionsBaseQuantoPerUSDUint128.toBytes32
DA:48,0
DA:48,0
FN:52,InteractionsBaseQuantoPerUSDUint128.mulDecimalToQuanto
FNDA:0,InteractionsBaseQuantoPerUSDUint128.mulDecimalToQuanto
DA:57,0
DA:57,0
FN:61,InteractionsBaseQuantoPerUSDUint128.mulDecimalToBase
FNDA:0,InteractionsBaseQuantoPerUSDUint128.mulDecimalToBase
DA:66,0
DA:66,0
FN:70,InteractionsBaseQuantoPerUSDUint128.divDecimal
FNDA:0,InteractionsBaseQuantoPerUSDUint128.divDecimal
DA:75,0
DA:75,0
FNF:6
FNH:0
LF:6
LH:0
BRF:0
BRH:0
end_of_record
TN:
SF:src/Uint128/BaseUint128/Interactions.sol
FN:21,InteractionsBaseUint128.to256
FNDA:0,InteractionsBaseUint128.to256
DA:22,0
DA:22,0
FN:26,InteractionsBaseUint128.toInt
FNDA:0,InteractionsBaseUint128.toInt
DA:27,0
DA:27,0
FN:31,InteractionsBaseUint128.toBytes32
FNDA:0,InteractionsBaseUint128.toBytes32
DA:32,0
DA:32,0
FN:36,InteractionsBaseUint128.mulDecimalToUSD
FNDA:0,InteractionsBaseUint128.mulDecimalToUSD
DA:41,0
DA:41,0
FN:45,InteractionsBaseUint128.divDecimal
FNDA:0,InteractionsBaseUint128.divDecimal
DA:50,0
DA:50,0
FNF:5
FNH:0
LF:5
LH:0
BRF:0
BRH:0
end_of_record
TN:
SF:src/Uint128/QuantoUint128/Interactions.sol
FN:21,InteractionsQuantoUint128.to256
FNDA:0,InteractionsQuantoUint128.to256
DA:26,0
DA:26,0
FN:30,InteractionsQuantoUint128.toInt
FNDA:0,InteractionsQuantoUint128.toInt
DA:35,0
DA:35,0
FN:39,InteractionsQuantoUint128.toBytes32
FNDA:0,InteractionsQuantoUint128.toBytes32
DA:44,0
DA:44,0
FN:48,InteractionsQuantoUint128.mulDecimalToUSD
FNDA:0,InteractionsQuantoUint128.mulDecimalToUSD
DA:53,0
DA:53,0
FN:57,InteractionsQuantoUint128.divDecimal
FNDA:0,InteractionsQuantoUint128.divDecimal
DA:62,0
DA:62,0
FNF:5
FNH:0
LF:5
LH:0
BRF:0
BRH:0
end_of_record
TN:
SF:src/Uint128/USDPerBaseUint128/Interactions.sol
FN:23,InteractionsUSDPerBaseUint128.to256
FNDA:0,InteractionsUSDPerBaseUint128.to256
DA:28,0
DA:28,0
FN:32,InteractionsUSDPerBaseUint128.toInt
FNDA:0,InteractionsUSDPerBaseUint128.toInt
DA:37,0
DA:37,0
FN:41,InteractionsUSDPerBaseUint128.toBytes32
FNDA:0,InteractionsUSDPerBaseUint128.toBytes32
DA:46,0
DA:46,0
FN:50,InteractionsUSDPerBaseUint128.mulDecimalToUSD
FNDA:0,InteractionsUSDPerBaseUint128.mulDecimalToUSD
DA:55,0
DA:55,0
FN:59,InteractionsUSDPerBaseUint128.mulDecimalToQuanto
FNDA:0,InteractionsUSDPerBaseUint128.mulDecimalToQuanto
DA:64,0
DA:64,0
FN:68,InteractionsUSDPerBaseUint128.divDecimal
FNDA:0,InteractionsUSDPerBaseUint128.divDecimal
DA:73,0
DA:73,0
FNF:6
FNH:0
LF:6
LH:0
BRF:0
BRH:0
end_of_record
TN:
SF:src/Uint128/USDPerQuantoUint128/Interactions.sol
FN:24,InteractionsUSDPerQuantoUint128.to256
FNDA:0,InteractionsUSDPerQuantoUint128.to256
DA:29,0
DA:29,0
FN:33,InteractionsUSDPerQuantoUint128.toInt
FNDA:0,InteractionsUSDPerQuantoUint128.toInt
DA:38,0
DA:38,0
FN:42,InteractionsUSDPerQuantoUint128.toBytes32
FNDA:0,InteractionsUSDPerQuantoUint128.toBytes32
DA:47,0
DA:47,0
FN:51,InteractionsUSDPerQuantoUint128.mulDecimalToUSD
FNDA:0,InteractionsUSDPerQuantoUint128.mulDecimalToUSD
DA:56,0
DA:56,0
FN:60,InteractionsUSDPerQuantoUint128.mulDecimalToBase
FNDA:0,InteractionsUSDPerQuantoUint128.mulDecimalToBase
DA:65,0
DA:65,0
FN:69,InteractionsUSDPerQuantoUint128.divDecimal
FNDA:0,InteractionsUSDPerQuantoUint128.divDecimal
DA:74,0
DA:74,0
FNF:6
FNH:0
LF:6
LH:0
BRF:0
BRH:0
end_of_record
TN:
SF:src/Uint128/USDUint128/Interactions.sol
FN:17,InteractionsUSDUint128.to256
FNDA:0,InteractionsUSDUint128.to256
DA:18,0
DA:18,0
FN:22,InteractionsUSDUint128.toInt
FNDA:0,InteractionsUSDUint128.toInt
DA:23,0
DA:23,0
FN:27,InteractionsUSDUint128.toBytes32
FNDA:0,InteractionsUSDUint128.toBytes32
DA:28,0
DA:28,0
FN:32,InteractionsUSDUint128.divDecimal
FNDA:0,InteractionsUSDUint128.divDecimal
DA:37,0
DA:37,0
FNF:4
FNH:0
LF:4
LH:0
BRF:0
BRH:0
end_of_record
TN:
SF:src/Uint256/BaseQuantoPerUSDUint256/Interactions.sol
FN:23,InteractionsBaseQuantoPerUSDUint256.to128
FNDA:0,InteractionsBaseQuantoPerUSDUint256.to128
DA:28,0
DA:28,0
FN:32,InteractionsBaseQuantoPerUSDUint256.toInt
FNDA:0,InteractionsBaseQuantoPerUSDUint256.toInt
DA:37,0
DA:37,0
FN:41,InteractionsBaseQuantoPerUSDUint256.toBytes32
FNDA:0,InteractionsBaseQuantoPerUSDUint256.toBytes32
DA:46,0
DA:46,0
FN:50,InteractionsBaseQuantoPerUSDUint256.mulDecimalToQuanto
FNDA:0,InteractionsBaseQuantoPerUSDUint256.mulDecimalToQuanto
DA:55,0
DA:55,0
FN:59,InteractionsBaseQuantoPerUSDUint256.mulDecimalToBase
FNDA:0,InteractionsBaseQuantoPerUSDUint256.mulDecimalToBase
DA:64,0
DA:64,0
FNF:5
FNH:0
LF:5
LH:0
BRF:0
BRH:0
end_of_record
TN:
SF:src/Uint256/BaseUint256/Interactions.sol
FN:19,InteractionsBaseUint256.to128
FNDA:0,InteractionsBaseUint256.to128
DA:20,0
DA:20,0
FN:24,InteractionsBaseUint256.toInt
FNDA:0,InteractionsBaseUint256.toInt
DA:25,0
DA:25,0
FN:29,InteractionsBaseUint256.toBytes32
FNDA:0,InteractionsBaseUint256.toBytes32
DA:30,0
DA:30,0
FN:34,InteractionsBaseUint256.mulDecimalToUSD
FNDA:0,InteractionsBaseUint256.mulDecimalToUSD
DA:39,0
DA:39,0
FNF:4
FNH:0
LF:4
LH:0
BRF:0
BRH:0
end_of_record
TN:
SF:src/Uint256/QuantoUint256/Interactions.sol
FN:19,InteractionsQuantoUint256.to128
FNDA:0,InteractionsQuantoUint256.to128
DA:24,0
DA:24,0
FN:28,InteractionsQuantoUint256.toInt
FNDA:0,InteractionsQuantoUint256.toInt
DA:33,0
DA:33,0
FN:37,InteractionsQuantoUint256.toBytes32
FNDA:0,InteractionsQuantoUint256.toBytes32
DA:42,0
DA:42,0
FN:46,InteractionsQuantoUint256.mulDecimalToUSD
FNDA:0,InteractionsQuantoUint256.mulDecimalToUSD
DA:51,0
DA:51,0
FNF:4
FNH:0
LF:4
LH:0
BRF:0
BRH:0
end_of_record
TN:
SF:src/Uint256/USDPerBaseUint256/Interactions.sol
FN:21,InteractionsUSDPerBaseUint256.to128
FNDA:0,InteractionsUSDPerBaseUint256.to128
DA:26,0
DA:26,0
FN:30,InteractionsUSDPerBaseUint256.toInt
FNDA:0,InteractionsUSDPerBaseUint256.toInt
DA:35,0
DA:35,0
FN:39,InteractionsUSDPerBaseUint256.toBytes32
FNDA:0,InteractionsUSDPerBaseUint256.toBytes32
DA:44,0
DA:44,0
FN:48,InteractionsUSDPerBaseUint256.mulDecimalToUSD
FNDA:0,InteractionsUSDPerBaseUint256.mulDecimalToUSD
DA:53,0
DA:53,0
FN:57,InteractionsUSDPerBaseUint256.mulDecimalToQuanto
FNDA:0,InteractionsUSDPerBaseUint256.mulDecimalToQuanto
DA:62,0
DA:62,0
FNF:5
FNH:0
LF:5
LH:0
BRF:0
BRH:0
end_of_record
TN:
SF:src/Uint256/USDPerQuantoUint256/Interactions.sol
FN:22,InteractionsUSDPerQuantoUint256.to128
FNDA:0,InteractionsUSDPerQuantoUint256.to128
DA:27,0
DA:27,0
FN:31,InteractionsUSDPerQuantoUint256.toInt
FNDA:0,InteractionsUSDPerQuantoUint256.toInt
DA:36,0
DA:36,0
FN:40,InteractionsUSDPerQuantoUint256.toBytes32
FNDA:0,InteractionsUSDPerQuantoUint256.toBytes32
DA:45,0
DA:45,0
FN:49,InteractionsUSDPerQuantoUint256.mulDecimalToUSD
FNDA:0,InteractionsUSDPerQuantoUint256.mulDecimalToUSD
DA:54,0
DA:54,0
FN:58,InteractionsUSDPerQuantoUint256.mulDecimalToBase
FNDA:0,InteractionsUSDPerQuantoUint256.mulDecimalToBase
DA:63,0
DA:63,0
FNF:5
FNH:0
LF:5
LH:0
BRF:0
BRH:0
end_of_record
TN:
SF:src/Uint256/USDUint256/Interactions.sol
FN:15,InteractionsUSDUint256.to128
FNDA:0,InteractionsUSDUint256.to128
DA:16,0
DA:16,0
FN:20,InteractionsUSDUint256.toInt
FNDA:0,InteractionsUSDUint256.toInt
DA:21,0
DA:21,0
FN:25,InteractionsUSDUint256.toBytes32
FNDA:0,InteractionsUSDUint256.toBytes32
DA:26,0
DA:26,0
FNF:3
FNH:0
LF:3
LH:0
BRF:0
BRH:0
end_of_record
TN:
SF:src/utils/DecimalMath.sol
FN:54,DecimalMath.mulDecimal
FNDA:0,DecimalMath.mulDecimal
DA:59,0
DA:59,0
DA:59,0
FN:69,DecimalMath.divDecimal
FNDA:0,DecimalMath.divDecimal
DA:74,0
DA:74,0
DA:74,0
FN:83,DecimalMath.upscale
FNDA:0,DecimalMath.upscale
DA:88,0
DA:88,0
DA:88,0
DA:88,0
FN:99,DecimalMath.downscale
FNDA:0,DecimalMath.downscale
DA:104,0
DA:104,0
DA:104,0
DA:104,0
FN:116,DecimalMath.mulDecimalUint128
FNDA:0,DecimalMath.mulDecimalUint128
DA:121,0
DA:121,0
DA:121,0
FN:127,DecimalMath.divDecimalUint128
FNDA:0,DecimalMath.divDecimalUint128
DA:132,0
DA:132,0
DA:132,0
FN:138,DecimalMath.upscaleUint128
FNDA:0,DecimalMath.upscaleUint128
DA:143,0
DA:143,0
DA:143,0
DA:143,0
FN:149,DecimalMath.downscaleUint128
FNDA:0,DecimalMath.downscaleUint128
DA:154,0
DA:154,0
DA:154,0
DA:154,0
FN:164,DecimalMath.mulDecimal
FNDA:0,DecimalMath.mulDecimal
DA:165,0
DA:165,0
DA:165,0
FN:171,DecimalMath.divDecimal
FNDA:0,DecimalMath.divDecimal
DA:172,0
DA:172,0
DA:172,0
FN:178,DecimalMath.upscale
FNDA:0,DecimalMath.upscale
DA:179,0
DA:179,0
DA:179,0
DA:179,0
FN:185,DecimalMath.downscale
FNDA:0,DecimalMath.downscale
DA:190,0
DA:190,0
DA:190,0
DA:190,0
FN:200,DecimalMath.mulDecimalInt128
FNDA:0,DecimalMath.mulDecimalInt128
DA:205,0
DA:205,0
DA:205,0
FN:211,DecimalMath.divDecimalInt128
FNDA:0,DecimalMath.divDecimalInt128
DA:216,0
DA:216,0
DA:216,0
FN:222,DecimalMath.upscaleInt128
FNDA:0,DecimalMath.upscaleInt128
DA:227,0
DA:227,0
DA:227,0
DA:227,0
FN:233,DecimalMath.downscaleInt128
FNDA:0,DecimalMath.downscaleInt128
DA:238,0
DA:238,0
DA:238,0
FNF:16
FNH:0
LF:16
LH:0
BRF:0
BRH:0
end_of_record
TN:
SF:src/utils/SafeCast/SafeCastAddress.sol
FN:8,SafeCastAddress.toBytes32
FNDA:0,SafeCastAddress.toBytes32
DA:9,0
DA:9,0
DA:9,0
FNF:1
FNH:0
LF:1
LH:0
BRF:0
BRH:0
end_of_record
TN:
SF:src/utils/SafeCast/SafeCastBytes32.sol
FN:8,SafeCastBytes32.toAddress
FNDA:0,SafeCastBytes32.toAddress
DA:9,0
DA:9,0
DA:9,0
FN:12,SafeCastBytes32.toUint
FNDA:0,SafeCastBytes32.toUint
DA:13,0
DA:13,0
DA:13,0
FNF:2
FNH:0
LF:2
LH:0
BRF:0
BRH:0
end_of_record
TN:
SF:src/utils/SafeCast/SafeCastI128.sol
FN:11,SafeCastI128.toUint
FNDA:0,SafeCastI128.toUint
DA:14,0
DA:14,0
BRDA:14,0,0,-
BRDA:14,0,1,-
DA:15,0
DA:15,0
DA:18,0
DA:18,0
DA:18,0
FN:21,SafeCastI128.to256
FNDA:0,SafeCastI128.to256
DA:22,0
DA:22,0
DA:22,0
FN:25,SafeCastI128.to32
FNDA:0,SafeCastI128.to32
DA:28,0
DA:28,0
DA:28,0
DA:28,0
DA:28,0
DA:28,0
BRDA:28,1,0,-
BRDA:28,1,1,-
DA:29,0
DA:29,0
DA:32,0
DA:32,0
DA:32,0
FN:35,SafeCastI128.zero
FNDA:0,SafeCastI128.zero
DA:36,0
DA:36,0
DA:36,0
FNF:4
FNH:0
LF:8
LH:0
BRF:4
BRH:0
end_of_record
TN:
SF:src/utils/SafeCast/SafeCastI24.sol
FN:8,SafeCastI24.to256
FNDA:0,SafeCastI24.to256
DA:9,0
DA:9,0
DA:9,0
FNF:1
FNH:0
LF:1
LH:0
BRF:0
BRH:0
end_of_record
TN:
SF:src/utils/SafeCast/SafeCastI256.sol
FN:12,SafeCastI256.to128
FNDA:0,SafeCastI256.to128
DA:15,0
DA:15,0
DA:15,0
DA:15,0
DA:15,0
DA:15,0
BRDA:15,0,0,-
BRDA:15,0,1,-
DA:16,0
DA:16,0
DA:19,0
DA:19,0
DA:19,0
FN:22,SafeCastI256.to24
FNDA:0,SafeCastI256.to24
DA:25,0
DA:25,0
DA:25,0
DA:25,0
DA:25,0
DA:25,0
BRDA:25,1,0,-
BRDA:25,1,1,-
DA:26,0
DA:26,0
DA:29,0
DA:29,0
DA:29,0
FN:32,SafeCastI256.toUint
FNDA:0,SafeCastI256.toUint
DA:35,0
DA:35,0
BRDA:35,2,0,-
BRDA:35,2,1,-
DA:36,0
DA:36,0
DA:39,0
DA:39,0
DA:39,0
FN:42,SafeCastI256.zero
FNDA:0,SafeCastI256.zero
DA:43,0
DA:43,0
DA:43,0
FNF:4
FNH:0
LF:10
LH:0
BRF:6
BRH:0
end_of_record
TN:
SF:src/utils/SafeCast/SafeCastI32.sol
FN:10,SafeCastI32.toUint
FNDA:0,SafeCastI32.toUint
DA:13,0
DA:13,0
BRDA:13,0,0,-
BRDA:13,0,1,-
DA:14,0
DA:14,0
DA:17,0
DA:17,0
DA:17,0
FNF:1
FNH:0
LF:3
LH:0
BRF:2
BRH:0
end_of_record
TN:
SF:src/utils/SafeCast/SafeCastI56.sol
FN:10,SafeCastI56.to24
FNDA:0,SafeCastI56.to24
DA:13,0
DA:13,0
DA:13,0
DA:13,0
DA:13,0
DA:13,0
BRDA:13,0,0,-
BRDA:13,0,1,-
DA:14,0
DA:14,0
DA:17,0
DA:17,0
DA:17,0
FNF:1
FNH:0
LF:3
LH:0
BRF:2
BRH:0
end_of_record
TN:
SF:src/utils/SafeCast/SafeCastI64.sol
FN:10,SafeCastI64.toUint
FNDA:0,SafeCastI64.toUint
DA:13,0
DA:13,0
BRDA:13,0,0,-
BRDA:13,0,1,-
DA:14,0
DA:14,0
DA:17,0
DA:17,0
DA:17,0
FNF:1
FNH:0
LF:3
LH:0
BRF:2
BRH:0
end_of_record
TN:
SF:src/utils/SafeCast/SafeCastU128.sol
FN:10,SafeCastU128.to256
FNDA:0,SafeCastU128.to256
DA:11,0
DA:11,0
DA:11,0
FN:14,SafeCastU128.toInt
FNDA:0,SafeCastU128.toInt
DA:17,0
DA:17,0
DA:17,0
BRDA:17,0,0,-
BRDA:17,0,1,-
DA:18,0
DA:18,0
DA:21,0
DA:21,0
DA:21,0
FN:24,SafeCastU128.toBytes32
FNDA:0,SafeCastU128.toBytes32
DA:25,0
DA:25,0
DA:25,0
FNF:3
FNH:0
LF:5
LH:0
BRF:2
BRH:0
end_of_record
TN:
SF:src/utils/SafeCast/SafeCastU160.sol
FN:8,SafeCastU160.to256
FNDA:0,SafeCastU160.to256
DA:9,0
DA:9,0
DA:9,0
FNF:1
FNH:0
LF:1
LH:0
BRF:0
BRH:0
end_of_record
TN:
SF:src/utils/SafeCast/SafeCastU256.sol
FN:14,SafeCastU256.to128
FNDA:0,SafeCastU256.to128
DA:17,0
DA:17,0
BRDA:17,0,0,-
BRDA:17,0,1,-
DA:18,0
DA:18,0
DA:21,0
DA:21,0
DA:21,0
FN:24,SafeCastU256.to64
FNDA:0,SafeCastU256.to64
DA:27,0
DA:27,0
BRDA:27,1,0,-
BRDA:27,1,1,-
DA:28,0
DA:28,0
DA:31,0
DA:31,0
DA:31,0
FN:34,SafeCastU256.to32
FNDA:0,SafeCastU256.to32
DA:37,0
DA:37,0
BRDA:37,2,0,-
BRDA:37,2,1,-
DA:38,0
DA:38,0
DA:41,0
DA:41,0
DA:41,0
FN:44,SafeCastU256.to160
FNDA:0,SafeCastU256.to160
DA:47,0
DA:47,0
BRDA:47,3,0,-
BRDA:47,3,1,-
DA:48,0
DA:48,0
DA:51,0
DA:51,0
DA:51,0
FN:54,SafeCastU256.toBytes32
FNDA:0,SafeCastU256.toBytes32
DA:55,0
DA:55,0
DA:55,0
FN:58,SafeCastU256.toInt
FNDA:0,SafeCastU256.toInt
DA:61,0
DA:61,0
DA:61,0
BRDA:61,4,0,-
BRDA:61,4,1,-
DA:62,0
DA:62,0
DA:65,0
DA:65,0
DA:65,0
FNF:6
FNH:0
LF:16
LH:0
BRF:10
BRH:0
end_of_record
TN:
SF:src/utils/SafeCast/SafeCastU32.sol
FN:10,SafeCastU32.toInt
FNDA:0,SafeCastU32.toInt
DA:13,0
DA:13,0
DA:13,0
BRDA:13,0,0,-
BRDA:13,0,1,-
DA:14,0
DA:14,0
DA:17,0
DA:17,0
DA:17,0
FN:20,SafeCastU32.to256
FNDA:0,SafeCastU32.to256
DA:21,0
DA:21,0
DA:21,0
FN:24,SafeCastU32.to56
FNDA:0,SafeCastU32.to56
DA:25,0
DA:25,0
DA:25,0
FNF:3
FNH:0
LF:5
LH:0
BRF:2
BRH:0
end_of_record
TN:
SF:src/utils/SafeCast/SafeCastU56.sol
FN:10,SafeCastU56.toInt
FNDA:0,SafeCastU56.toInt
DA:13,0
DA:13,0
DA:13,0
BRDA:13,0,0,-
BRDA:13,0,1,-
DA:14,0
DA:14,0
DA:17,0
DA:17,0
DA:17,0
FNF:1
FNH:0
LF:3
LH:0
BRF:2
BRH:0
end_of_record
TN:
SF:src/utils/SafeCast/SafeCastU64.sol
FN:10,SafeCastU64.toInt
FNDA:0,SafeCastU64.toInt
DA:13,0
DA:13,0
DA:13,0
BRDA:13,0,0,-
BRDA:13,0,1,-
DA:14,0
DA:14,0
DA:17,0
DA:17,0
DA:17,0
FN:20,SafeCastU64.to256
FNDA:0,SafeCastU64.to256
DA:21,0
DA:21,0
DA:21,0
FNF:2
FNH:0
LF:4
LH:0
BRF:2
BRH:0
end_of_record
